<?xml version="1.0" encoding="UTF-8"?>
<!-- Generated by org.testng.reporters.JUnitXMLReporter -->
<testsuite ignored="0" hostname="Nagesh" failures="0" tests="6" name="Default test" time="42.704" errors="0" timestamp="2024-01-21T15:33:36 IST">
  <testcase classname="com.demoblazeTests.HomePageTests" name="ValidateHomeTitle" time="0.032"/>
  <testcase classname="com.demoblazeTests.HomePageTests" name="ValidateHomeURL" time="0.029"/>
  <testcase classname="com.demoblazeTests.HomePageTests" name="ValidateLoginLink" time="0.066"/>
  <testcase classname="com.demoblazeTests.HomePageTests" name="ValidateMonitorslink" time="0.107"/>
  <testcase classname="com.demoblazeTests.HomePageTests" name="ValidatePhoneslink" time="0.052"/>
  <testcase classname="com.demoblazeTests.HomePageTests" name="Validatelaptopslink" time="0.119"/>
</testsuite> <!-- Default test -->
