<?xml version="1.0" encoding="UTF-8"?>
<testng-results ignored="0" total="6" passed="6" failed="0" skipped="0">
  <reporter-output>
  </reporter-output>
  <suite started-at="2024-01-21T15:32:53 IST" name="Default suite" finished-at="2024-01-21T15:33:36 IST" duration-ms="42704">
    <groups>
    </groups>
    <test started-at="2024-01-21T15:32:53 IST" name="Default test" finished-at="2024-01-21T15:33:36 IST" duration-ms="42704">
      <class name="com.demoblazeTests.HomePageTests">
        <test-method is-config="true" signature="SetUp()[pri:0, instance:com.demoblazeTests.HomePageTests@1cf6d1be]" started-at="2024-01-21T15:32:53 IST" name="SetUp" finished-at="2024-01-21T15:33:03 IST" duration-ms="10010" status="PASS">
          <reporter-output>
          </reporter-output>
        </test-method> <!-- SetUp -->
        <test-method signature="ValidateHomeTitle()[pri:0, instance:com.demoblazeTests.HomePageTests@1cf6d1be]" started-at="2024-01-21T15:33:03 IST" name="ValidateHomeTitle" finished-at="2024-01-21T15:33:03 IST" duration-ms="32" status="PASS">
          <reporter-output>
          </reporter-output>
        </test-method> <!-- ValidateHomeTitle -->
        <test-method is-config="true" signature="TearDown()[pri:0, instance:com.demoblazeTests.HomePageTests@1cf6d1be]" started-at="2024-01-21T15:33:03 IST" name="TearDown" finished-at="2024-01-21T15:33:04 IST" duration-ms="390" status="PASS">
          <reporter-output>
          </reporter-output>
        </test-method> <!-- TearDown -->
        <test-method is-config="true" signature="SetUp()[pri:0, instance:com.demoblazeTests.HomePageTests@1cf6d1be]" started-at="2024-01-21T15:33:04 IST" name="SetUp" finished-at="2024-01-21T15:33:16 IST" duration-ms="12192" status="PASS">
          <reporter-output>
          </reporter-output>
        </test-method> <!-- SetUp -->
        <test-method signature="ValidateHomeURL()[pri:0, instance:com.demoblazeTests.HomePageTests@1cf6d1be]" started-at="2024-01-21T15:33:16 IST" name="ValidateHomeURL" finished-at="2024-01-21T15:33:16 IST" duration-ms="29" status="PASS">
          <reporter-output>
          </reporter-output>
        </test-method> <!-- ValidateHomeURL -->
        <test-method is-config="true" signature="TearDown()[pri:0, instance:com.demoblazeTests.HomePageTests@1cf6d1be]" started-at="2024-01-21T15:33:16 IST" name="TearDown" finished-at="2024-01-21T15:33:16 IST" duration-ms="267" status="PASS">
          <reporter-output>
          </reporter-output>
        </test-method> <!-- TearDown -->
        <test-method is-config="true" signature="SetUp()[pri:0, instance:com.demoblazeTests.HomePageTests@1cf6d1be]" started-at="2024-01-21T15:33:16 IST" name="SetUp" finished-at="2024-01-21T15:33:20 IST" duration-ms="4140" status="PASS">
          <reporter-output>
          </reporter-output>
        </test-method> <!-- SetUp -->
        <test-method signature="ValidateLoginLink()[pri:0, instance:com.demoblazeTests.HomePageTests@1cf6d1be]" started-at="2024-01-21T15:33:20 IST" name="ValidateLoginLink" finished-at="2024-01-21T15:33:20 IST" duration-ms="66" status="PASS">
          <reporter-output>
          </reporter-output>
        </test-method> <!-- ValidateLoginLink -->
        <test-method is-config="true" signature="TearDown()[pri:0, instance:com.demoblazeTests.HomePageTests@1cf6d1be]" started-at="2024-01-21T15:33:20 IST" name="TearDown" finished-at="2024-01-21T15:33:21 IST" duration-ms="376" status="PASS">
          <reporter-output>
          </reporter-output>
        </test-method> <!-- TearDown -->
        <test-method is-config="true" signature="SetUp()[pri:0, instance:com.demoblazeTests.HomePageTests@1cf6d1be]" started-at="2024-01-21T15:33:21 IST" name="SetUp" finished-at="2024-01-21T15:33:26 IST" duration-ms="5224" status="PASS">
          <reporter-output>
          </reporter-output>
        </test-method> <!-- SetUp -->
        <test-method signature="ValidateMonitorslink()[pri:0, instance:com.demoblazeTests.HomePageTests@1cf6d1be]" started-at="2024-01-21T15:33:26 IST" name="ValidateMonitorslink" finished-at="2024-01-21T15:33:26 IST" duration-ms="107" status="PASS">
          <reporter-output>
          </reporter-output>
        </test-method> <!-- ValidateMonitorslink -->
        <test-method is-config="true" signature="TearDown()[pri:0, instance:com.demoblazeTests.HomePageTests@1cf6d1be]" started-at="2024-01-21T15:33:26 IST" name="TearDown" finished-at="2024-01-21T15:33:26 IST" duration-ms="324" status="PASS">
          <reporter-output>
          </reporter-output>
        </test-method> <!-- TearDown -->
        <test-method is-config="true" signature="SetUp()[pri:0, instance:com.demoblazeTests.HomePageTests@1cf6d1be]" started-at="2024-01-21T15:33:26 IST" name="SetUp" finished-at="2024-01-21T15:33:31 IST" duration-ms="4740" status="PASS">
          <reporter-output>
          </reporter-output>
        </test-method> <!-- SetUp -->
        <test-method signature="ValidatePhoneslink()[pri:0, instance:com.demoblazeTests.HomePageTests@1cf6d1be]" started-at="2024-01-21T15:33:31 IST" name="ValidatePhoneslink" finished-at="2024-01-21T15:33:31 IST" duration-ms="52" status="PASS">
          <reporter-output>
          </reporter-output>
        </test-method> <!-- ValidatePhoneslink -->
        <test-method is-config="true" signature="TearDown()[pri:0, instance:com.demoblazeTests.HomePageTests@1cf6d1be]" started-at="2024-01-21T15:33:31 IST" name="TearDown" finished-at="2024-01-21T15:33:31 IST" duration-ms="360" status="PASS">
          <reporter-output>
          </reporter-output>
        </test-method> <!-- TearDown -->
        <test-method is-config="true" signature="SetUp()[pri:0, instance:com.demoblazeTests.HomePageTests@1cf6d1be]" started-at="2024-01-21T15:33:31 IST" name="SetUp" finished-at="2024-01-21T15:33:35 IST" duration-ms="3705" status="PASS">
          <reporter-output>
          </reporter-output>
        </test-method> <!-- SetUp -->
        <test-method signature="Validatelaptopslink()[pri:0, instance:com.demoblazeTests.HomePageTests@1cf6d1be]" started-at="2024-01-21T15:33:35 IST" name="Validatelaptopslink" finished-at="2024-01-21T15:33:35 IST" duration-ms="119" status="PASS">
          <reporter-output>
          </reporter-output>
        </test-method> <!-- Validatelaptopslink -->
        <test-method is-config="true" signature="TearDown()[pri:0, instance:com.demoblazeTests.HomePageTests@1cf6d1be]" started-at="2024-01-21T15:33:35 IST" name="TearDown" finished-at="2024-01-21T15:33:36 IST" duration-ms="428" status="PASS">
          <reporter-output>
          </reporter-output>
        </test-method> <!-- TearDown -->
      </class> <!-- com.demoblazeTests.HomePageTests -->
    </test> <!-- Default test -->
  </suite> <!-- Default suite -->
</testng-results>
